<?xml version="1.0" encoding="UTF-8"?>
<testng-results ignored="0" total="1" passed="1" failed="0" skipped="0">
  <reporter-output>
  </reporter-output>
  <suite started-at="2025-01-26T12:04:06 IST" name="master" finished-at="2025-01-26T12:04:14 IST" duration-ms="7251">
    <groups>
      <group name="Master">
        <method signature="TC002_LoginTest.loginTest()[pri:0, instance:testCases.TC002_LoginTest@47af7f3d]" name="loginTest" class="testCases.TC002_LoginTest"/>
      </group> <!-- Master -->
      <group name="Sanity">
        <method signature="TC002_LoginTest.loginTest()[pri:0, instance:testCases.TC002_LoginTest@47af7f3d]" name="loginTest" class="testCases.TC002_LoginTest"/>
      </group> <!-- Sanity -->
    </groups>
    <test started-at="2025-01-26T12:04:06 IST" name="Test" finished-at="2025-01-26T12:04:14 IST" duration-ms="7251">
      <class name="testCases.TC002_LoginTest">
        <test-method is-config="true" signature="setup(java.lang.String,java.lang.String)[pri:0, instance:testCases.TC002_LoginTest@47af7f3d]" started-at="2025-01-26T12:04:07 IST" name="setup" finished-at="2025-01-26T12:04:12 IST" duration-ms="5077" status="PASS">
          <params>
            <param index="0">
              <value>
                <![CDATA[chrome]]>
              </value>
            </param>
            <param index="1">
              <value>
                <![CDATA[Windows]]>
              </value>
            </param>
          </params>
          <reporter-output>
          </reporter-output>
        </test-method> <!-- setup -->
        <test-method signature="loginTest()[pri:0, instance:testCases.TC002_LoginTest@47af7f3d]" started-at="2025-01-26T12:04:12 IST" name="loginTest" finished-at="2025-01-26T12:04:13 IST" duration-ms="1574" status="PASS">
          <reporter-output>
          </reporter-output>
        </test-method> <!-- loginTest -->
        <test-method is-config="true" signature="tearDown()[pri:0, instance:testCases.TC002_LoginTest@47af7f3d]" started-at="2025-01-26T12:04:13 IST" name="tearDown" finished-at="2025-01-26T12:04:14 IST" duration-ms="242" status="PASS">
          <reporter-output>
          </reporter-output>
        </test-method> <!-- tearDown -->
      </class> <!-- testCases.TC002_LoginTest -->
    </test> <!-- Test -->
  </suite> <!-- master -->
</testng-results>
