<?xml version="1.0" encoding="UTF-8"?>
<testng-results ignored="0" total="1" passed="1" failed="0" skipped="0">
  <reporter-output>
  </reporter-output>
  <suite started-at="2025-02-07T18:57:00 IST" name="master" finished-at="2025-02-07T18:57:27 IST" duration-ms="27472">
    <groups>
    </groups>
    <test started-at="2025-02-07T18:57:00 IST" name="Test" finished-at="2025-02-07T18:57:27 IST" duration-ms="27472">
      <class name="testCases.TC005_AddToCartTest">
        <test-method is-config="true" signature="setup(java.lang.String,java.lang.String)[pri:0, instance:testCases.TC005_AddToCartTest@6989da5e]" started-at="2025-02-07T18:57:00 IST" name="setup" finished-at="2025-02-07T18:57:09 IST" duration-ms="8951" status="PASS">
          <params>
            <param index="0">
              <value>
                <![CDATA[chrome]]>
              </value>
            </param>
            <param index="1">
              <value>
                <![CDATA[Windows]]>
              </value>
            </param>
          </params>
          <reporter-output>
          </reporter-output>
        </test-method> <!-- setup -->
        <test-method signature="addToCart()[pri:0, instance:testCases.TC005_AddToCartTest@6989da5e]" started-at="2025-02-07T18:57:09 IST" name="addToCart" finished-at="2025-02-07T18:57:27 IST" duration-ms="17854" status="PASS">
          <reporter-output>
          </reporter-output>
        </test-method> <!-- addToCart -->
        <test-method is-config="true" signature="tearDown()[pri:0, instance:testCases.TC005_AddToCartTest@6989da5e]" started-at="2025-02-07T18:57:27 IST" name="tearDown" finished-at="2025-02-07T18:57:27 IST" duration-ms="289" status="PASS">
          <reporter-output>
          </reporter-output>
        </test-method> <!-- tearDown -->
      </class> <!-- testCases.TC005_AddToCartTest -->
    </test> <!-- Test -->
  </suite> <!-- master -->
</testng-results>
