<?xml version="1.0" encoding="UTF-8"?>
<testng-results ignored="0" total="1" passed="1" failed="0" skipped="0">
  <reporter-output>
  </reporter-output>
  <suite started-at="2025-01-29T22:21:58 IST" name="master" finished-at="2025-01-29T22:22:30 IST" duration-ms="31589">
    <groups>
    </groups>
    <test started-at="2025-01-29T22:21:58 IST" name="Test" finished-at="2025-01-29T22:22:30 IST" duration-ms="31589">
      <class name="testCases.TC004_SearchProductTest">
        <test-method is-config="true" signature="setup(java.lang.String,java.lang.String)[pri:0, instance:testCases.TC004_SearchProductTest@6989da5e]" started-at="2025-01-29T22:21:58 IST" name="setup" finished-at="2025-01-29T22:22:28 IST" duration-ms="29449" status="PASS">
          <params>
            <param index="0">
              <value>
                <![CDATA[chrome]]>
              </value>
            </param>
            <param index="1">
              <value>
                <![CDATA[Windows]]>
              </value>
            </param>
          </params>
          <reporter-output>
          </reporter-output>
        </test-method> <!-- setup -->
        <test-method signature="f()[pri:0, instance:testCases.TC004_SearchProductTest@6989da5e]" started-at="2025-01-29T22:22:28 IST" name="f" finished-at="2025-01-29T22:22:29 IST" duration-ms="1543" status="PASS">
          <reporter-output>
          </reporter-output>
        </test-method> <!-- f -->
        <test-method is-config="true" signature="tearDown()[pri:0, instance:testCases.TC004_SearchProductTest@6989da5e]" started-at="2025-01-29T22:22:29 IST" name="tearDown" finished-at="2025-01-29T22:22:30 IST" duration-ms="218" status="PASS">
          <reporter-output>
          </reporter-output>
        </test-method> <!-- tearDown -->
      </class> <!-- testCases.TC004_SearchProductTest -->
    </test> <!-- Test -->
  </suite> <!-- master -->
</testng-results>
